Log file open, 06/19/19 11:16:22
LogWindows: Failed to load 'aqProf.dll' (GetLastError=126)
LogWindows: File 'aqProf.dll' does not exist
LogWindows: Failed to load 'VtuneApi.dll' (GetLastError=126)
LogWindows: File 'VtuneApi.dll' does not exist
LogWindows: Failed to load 'VtuneApi32e.dll' (GetLastError=126)
LogWindows: File 'VtuneApi32e.dll' does not exist
LogConsoleResponse: Display: Failed to find resolution value strings in scalability ini. Falling back to default.
LogInit: Display: Running engine for game: Rocket_Car
LogPakFile: Registered encryption key '00000000000000000000000000000000': 0 pak files mounted, 0 remain pending
LogPlatformFile: Not using cached read wrapper
LogTaskGraph: Started task graph with 5 named threads and 23 total threads with 3 sets of task threads.
LogStats: Stats thread started at 0.261508
LogD3D11RHI: Loaded GFSDK_Aftermath_Lib.x64.dll
LogICUInternationalization: ICU TimeZone Detection - Raw Offset: -5:00, Platform Override: ''
LogPluginManager: Mounting plugin Paper2D
LogPluginManager: Mounting plugin AISupport
LogPluginManager: Mounting plugin LightPropagationVolume
LogPluginManager: Mounting plugin ActorLayerUtilities
LogPluginManager: Mounting plugin AnimationSharing
LogPluginManager: Mounting plugin CLionSourceCodeAccess
LogPluginManager: Mounting plugin CodeLiteSourceCodeAccess
LogPluginManager: Mounting plugin GitSourceControl
LogPluginManager: Mounting plugin KDevelopSourceCodeAccess
LogPluginManager: Mounting plugin NullSourceCodeAccess
LogPluginManager: Mounting plugin PerforceSourceControl
LogPluginManager: Mounting plugin SubversionSourceControl
LogPluginManager: Mounting plugin UObjectPlugin
LogPluginManager: Mounting plugin VisualStudioCodeSourceCodeAccess
LogPluginManager: Mounting plugin VisualStudioSourceCodeAccess
LogPluginManager: Mounting plugin XCodeSourceCodeAccess
LogPluginManager: Mounting plugin AssetManagerEditor
LogPluginManager: Mounting plugin CryptoKeys
LogPluginManager: Mounting plugin DataValidation
LogPluginManager: Mounting plugin EditorScriptingUtilities
LogPluginManager: Mounting plugin FacialAnimation
LogPluginManager: Mounting plugin GameplayTagsEditor
LogPluginManager: Mounting plugin GLTFImporter
LogPluginManager: Mounting plugin MacGraphicsSwitching
LogPluginManager: Mounting plugin MaterialAnalyzer
LogPluginManager: Mounting plugin MeshEditor
LogPluginManager: Mounting plugin MobileLauncherProfileWizard
LogPluginManager: Mounting plugin PluginBrowser
LogPluginManager: Mounting plugin SpeedTreeImporter
LogPluginManager: Mounting plugin DatasmithContent
LogPluginManager: Mounting plugin VariantManagerContent
LogPluginManager: Mounting plugin AlembicImporter
LogPluginManager: Mounting plugin AppleImageUtils
LogPluginManager: Mounting plugin AppleVision
LogPluginManager: Mounting plugin BackChannel
LogPluginManager: Mounting plugin BlastPlugin
LogPluginManager: Mounting plugin ChaosSolverPlugin
LogPluginManager: Mounting plugin CharacterAI
LogPluginManager: Mounting plugin GeometryCache
LogPluginManager: Mounting plugin GeometryCollectionPlugin
LogPluginManager: Mounting plugin HTML5Networking
LogPluginManager: Mounting plugin ProxyLODPlugin
LogPluginManager: Mounting plugin RawInput
LogPluginManager: Mounting plugin SkeletalReduction
LogPluginManager: Mounting plugin MagicLeap
LogPluginManager: Mounting plugin MagicLeapMedia
LogPluginManager: Mounting plugin AndroidMedia
LogPluginManager: Mounting plugin AvfMedia
LogPluginManager: Mounting plugin ImgMedia
LogPluginManager: Mounting plugin LinearTimecode
LogPluginManager: Mounting plugin MediaCompositing
LogPluginManager: Mounting plugin MediaPlayerEditor
LogPluginManager: Mounting plugin WebMMedia
LogPluginManager: Mounting plugin WmfMedia
LogPluginManager: Mounting plugin TcpMessaging
LogPluginManager: Mounting plugin UdpMessaging
LogPluginManager: Mounting plugin ActorSequence
LogPluginManager: Mounting plugin LevelSequenceEditor
LogPluginManager: Mounting plugin MatineeToLevelSequence
LogPluginManager: Mounting plugin NetcodeUnitTest
LogPluginManager: Mounting plugin NUTUnrealEngine4
LogPluginManager: Mounting plugin OnlineSubsystemGooglePlay
LogPluginManager: Mounting plugin OnlineSubsystemIOS
LogPluginManager: Mounting plugin OnlineSubsystem
LogPluginManager: Mounting plugin OnlineSubsystemNull
LogPluginManager: Mounting plugin OnlineSubsystemUtils
LogPluginManager: Mounting plugin LauncherChunkInstaller
LogPluginManager: Mounting plugin AndroidDeviceProfileSelector
LogPluginManager: Mounting plugin AndroidMoviePlayer
LogPluginManager: Mounting plugin AndroidPermission
LogPluginManager: Mounting plugin AppleMoviePlayer
LogPluginManager: Mounting plugin ArchVisCharacter
LogPluginManager: Mounting plugin AudioCapture
LogPluginManager: Mounting plugin CableComponent
LogPluginManager: Mounting plugin CustomMeshComponent
LogPluginManager: Mounting plugin EditableMesh
LogPluginManager: Mounting plugin ExampleDeviceProfileSelector
LogPluginManager: Mounting plugin Firebase
LogPluginManager: Mounting plugin GoogleCloudMessaging
LogPluginManager: Mounting plugin IOSDeviceProfileSelector
LogPluginManager: Mounting plugin LinuxDeviceProfileSelector
LogPluginManager: Mounting plugin LocationServicesBPLibrary
LogPluginManager: Mounting plugin MobilePatchingUtils
LogPluginManager: Mounting plugin OculusVR
LogPluginManager: Mounting plugin PhysXVehicles
LogPluginManager: Mounting plugin ProceduralMeshComponent
LogPluginManager: Mounting plugin RuntimePhysXCooking
LogPluginManager: Mounting plugin SignificanceManager
LogPluginManager: Mounting plugin SteamVR
LogPluginManager: Mounting plugin WebMMoviePlayer
LogPluginManager: Mounting plugin WindowsMoviePlayer
LogPluginManager: Mounting plugin DatasmithCADImporter
LogPluginManager: Mounting plugin DatasmithDataPrepEditor
LogPluginManager: Mounting plugin DatasmithFBXImporter
LogPluginManager: Mounting plugin DatasmithGLTFImporter
LogPluginManager: Mounting plugin DatasmithImporter
LogPluginManager: Mounting plugin MDLImporter
LogPluginManager: Mounting plugin StaticMeshEditorExtension
LogPluginManager: Mounting plugin VariantManager
LogInit: Using libcurl 7.55.1-DEV
LogInit:  - built for x86_64-pc-win32
LogInit:  - supports SSL with OpenSSL/1.1.1
LogInit:  - supports HTTP deflate (compression) using libz 1.2.8
LogInit:  - other features:
LogInit:      CURL_VERSION_SSL
LogInit:      CURL_VERSION_LIBZ
LogInit:      CURL_VERSION_IPV6
LogInit:      CURL_VERSION_ASYNCHDNS
LogInit:      CURL_VERSION_LARGEFILE
LogInit:      CURL_VERSION_IDN
LogInit:  CurlRequestOptions (configurable via config and command line):
LogInit:  - bVerifyPeer = true  - Libcurl will verify peer certificate
LogInit:  - bUseHttpProxy = false  - Libcurl will NOT use HTTP proxy
LogInit:  - bDontReuseConnections = false  - Libcurl will reuse connections
LogInit:  - MaxHostConnections = 16  - Libcurl will limit the number of connections to a host
LogInit:  - LocalHostAddr = Default
LogInit:  - BufferSize = 65536
LogInit: WinSock: version 1.1 (2.2), MaxSocks=32767, MaxUdp=65467
LogInit: Build: ++UE4+Release-4.22-CL-6574378
LogInit: Engine Version: 4.22.2-6574378+++UE4+Release-4.22
LogInit: Compatible Engine Version: 4.22.0-5660361+++UE4+Release-4.22
LogInit: Net CL: 5660361
LogInit: OS: Windows 10 (Release 1809) (), CPU: Intel(R) Core(TM) i5-8265U CPU @ 1.60GHz, GPU: Intel(R) UHD Graphics 620
LogInit: Compiled (64-bit): May 20 2019 09:54:56
LogInit: Compiled with Visual C++: 19.16.27025.01
LogInit: Build Configuration: Development
LogInit: Branch Name: ++UE4+Release-4.22
LogInit: Command Line: 
LogInit: Base Directory: C:/Program Files/Epic Games/UE_4.22/Engine/Binaries/Win64/
LogInit: Installed Engine Build: 1
LogDevObjectVersion: Number of dev versions registered: 23
LogDevObjectVersion:   Dev-Blueprints (B0D832E4-1F89-4F0D-ACCF-7EB736FD4AA2): 10
LogDevObjectVersion:   Dev-Build (E1C64328-A22C-4D53-A36C-8E866417BD8C): 0
LogDevObjectVersion:   Dev-Core (375EC13C-06E4-48FB-B500-84F0262A717E): 3
LogDevObjectVersion:   Dev-Editor (E4B068ED-F494-42E9-A231-DA0B2E46BB41): 30
LogDevObjectVersion:   Dev-Framework (CFFC743F-43B0-4480-9391-14DF171D2073): 35
LogDevObjectVersion:   Dev-Mobile (B02B49B5-BB20-44E9-A304-32B752E40360): 2
LogDevObjectVersion:   Dev-Networking (A4E4105C-59A1-49B5-A7C5-40C4547EDFEE): 0
LogDevObjectVersion:   Dev-Online (39C831C9-5AE6-47DC-9A44-9C173E1C8E7C): 0
LogDevObjectVersion:   Dev-Physics (78F01B33-EBEA-4F98-B9B4-84EACCB95AA2): 0
LogDevObjectVersion:   Dev-Platform (6631380F-2D4D-43E0-8009-CF276956A95A): 0
LogDevObjectVersion:   Dev-Rendering (12F88B9F-8875-4AFC-A67C-D90C383ABD29): 28
LogDevObjectVersion:   Dev-Sequencer (7B5AE74C-D270-4C10-A958-57980B212A5A): 11
LogDevObjectVersion:   Dev-VR (D7296918-1DD6-4BDD-9DE2-64A83CC13884): 2
LogDevObjectVersion:   Dev-LoadTimes (C2A15278-BFE7-4AFE-6C17-90FF531DF755): 1
LogDevObjectVersion:   Private-Geometry (6EACA3D4-40EC-4CC1-B786-8BED09428FC5): 3
LogDevObjectVersion:   Dev-AnimPhys (29E575DD-E0A3-4627-9D10-D276232CDCEA): 17
LogDevObjectVersion:   Dev-Anim (AF43A65D-7FD3-4947-9873-3E8ED9C1BB05): 2
LogDevObjectVersion:   Dev-ReflectionCapture (6B266CEC-1EC7-4B8F-A30B-E4D90942FC07): 1
LogDevObjectVersion:   Dev-Automation (0DF73D61-A23F-47EA-B727-89E90C41499A): 1
LogDevObjectVersion:   FortniteMain (601D1886-AC64-4F84-AA16-D3DE0DEAC7D6): 25
LogDevObjectVersion:   Dev-Enterprise (9DFFBCD6-494F-0158-E221-12823C92A888): 6
LogDevObjectVersion:   Dev-Niagara (F2AED0AC-9AFE-416F-8664-AA7FFA26D6FC): 1
LogDevObjectVersion:   Dev-Destruction (174F1F0B-B4C6-45A5-B13F-2EE8D0FB917D): 2
LogInit: Presizing for max 16777216 objects, including 0 objects not considered by GC, pre-allocating 0 bytes for permanent pool.
LogInit: Object subsystem initialized
LogConfig: Setting CVar [[con.DebugEarlyDefault:1]]
LogConfig: Setting CVar [[r.setres:1280x720]]
[2019.06.19-15.16.22:349][  0]LogConfig: Setting CVar [[r.VSync:0]]
[2019.06.19-15.16.22:349][  0]LogConfig: Setting CVar [[r.RHICmdBypass:0]]
[2019.06.19-15.16.22:349][  0]LogConfig: Applying CVar settings from Section [/Script/Engine.RendererSettings] File [C:/Users/dscclassroom/Desktop/RocketCar/Rocket_Car/Saved/Config/Windows/Engine.ini]
[2019.06.19-15.16.22:349][  0]LogConfig: Setting CVar [[r.GPUCrashDebugging:0]]
[2019.06.19-15.16.22:349][  0]LogConfig: Applying CVar settings from Section [/Script/Engine.RendererOverrideSettings] File [C:/Users/dscclassroom/Desktop/RocketCar/Rocket_Car/Saved/Config/Windows/Engine.ini]
[2019.06.19-15.16.22:349][  0]LogConfig: Applying CVar settings from Section [/Script/Engine.StreamingSettings] File [C:/Users/dscclassroom/Desktop/RocketCar/Rocket_Car/Saved/Config/Windows/Engine.ini]
[2019.06.19-15.16.22:350][  0]LogConfig: Setting CVar [[s.MinBulkDataSizeForAsyncLoading:131072]]
[2019.06.19-15.16.22:350][  0]LogConfig: Setting CVar [[s.AsyncLoadingThreadEnabled:0]]
[2019.06.19-15.16.22:350][  0]LogConfig: Setting CVar [[s.EventDrivenLoaderEnabled:1]]
[2019.06.19-15.16.22:350][  0]LogConfig: Setting CVar [[s.WarnIfTimeLimitExceeded:0]]
[2019.06.19-15.16.22:350][  0]LogConfig: Setting CVar [[s.TimeLimitExceededMultiplier:1.5]]
[2019.06.19-15.16.22:350][  0]LogConfig: Setting CVar [[s.TimeLimitExceededMinTime:0.005]]
[2019.06.19-15.16.22:350][  0]LogConfig: Setting CVar [[s.UseBackgroundLevelStreaming:1]]
[2019.06.19-15.16.22:350][  0]LogConfig: Setting CVar [[s.PriorityAsyncLoadingExtraTime:15.0]]
[2019.06.19-15.16.22:350][  0]LogConfig: Setting CVar [[s.LevelStreamingActorsUpdateTimeLimit:5.0]]
[2019.06.19-15.16.22:350][  0]LogConfig: Setting CVar [[s.PriorityLevelStreamingActorsUpdateExtraTime:5.0]]
[2019.06.19-15.16.22:350][  0]LogConfig: Setting CVar [[s.LevelStreamingComponentsRegistrationGranularity:10]]
[2019.06.19-15.16.22:350][  0]LogConfig: Setting CVar [[s.UnregisterComponentsTimeLimit:1.0]]
[2019.06.19-15.16.22:350][  0]LogConfig: Setting CVar [[s.LevelStreamingComponentsUnregistrationGranularity:5]]
[2019.06.19-15.16.22:350][  0]LogConfig: Applying CVar settings from Section [/Script/Engine.GarbageCollectionSettings] File [C:/Users/dscclassroom/Desktop/RocketCar/Rocket_Car/Saved/Config/Windows/Engine.ini]
[2019.06.19-15.16.22:350][  0]LogConfig: Setting CVar [[gc.MaxObjectsNotConsideredByGC:1]]
[2019.06.19-15.16.22:350][  0]LogConfig: Setting CVar [[gc.SizeOfPermanentObjectPool:0]]
[2019.06.19-15.16.22:350][  0]LogConfig: Setting CVar [[gc.FlushStreamingOnGC:0]]
[2019.06.19-15.16.22:350][  0]LogConfig: Setting CVar [[gc.NumRetriesBeforeForcingGC:10]]
[2019.06.19-15.16.22:350][  0]LogConfig: Setting CVar [[gc.AllowParallelGC:1]]
[2019.06.19-15.16.22:350][  0]LogConfig: Setting CVar [[gc.TimeBetweenPurgingPendingKillObjects:61.1]]
[2019.06.19-15.16.22:350][  0]LogConfig: Setting CVar [[gc.MaxObjectsInEditor:16777216]]
[2019.06.19-15.16.22:350][  0]LogConfig: Setting CVar [[gc.IncrementalBeginDestroyEnabled:1]]
[2019.06.19-15.16.22:350][  0]LogConfig: Setting CVar [[gc.CreateGCClusters:1]]
[2019.06.19-15.16.22:350][  0]LogConfig: Setting CVar [[gc.MinGCClusterSize:5]]
[2019.06.19-15.16.22:350][  0]LogConfig: Setting CVar [[gc.ActorClusteringEnabled:0]]
[2019.06.19-15.16.22:350][  0]LogConfig: Setting CVar [[gc.BlueprintClusteringEnabled:0]]
[2019.06.19-15.16.22:350][  0]LogConfig: Setting CVar [[gc.UseDisregardForGCOnDedicatedServers:0]]
[2019.06.19-15.16.22:350][  0]LogConfig: Applying CVar settings from Section [/Script/Engine.NetworkSettings] File [C:/Users/dscclassroom/Desktop/RocketCar/Rocket_Car/Saved/Config/Windows/Engine.ini]
[2019.06.19-15.16.22:350][  0]LogConfig: Applying CVar settings from Section [/Script/UnrealEd.CookerSettings] File [C:/Users/dscclassroom/Desktop/RocketCar/Rocket_Car/Saved/Config/Windows/Engine.ini]
[2019.06.19-15.16.22:352][  0]LogConfig: Applying CVar settings from Section [ViewDistanceQuality@3] File [C:/Users/dscclassroom/Desktop/RocketCar/Rocket_Car/Saved/Config/Windows/Scalability.ini]
[2019.06.19-15.16.22:352][  0]LogConfig: Setting CVar [[r.SkeletalMeshLODBias:0]]
[2019.06.19-15.16.22:352][  0]LogConfig: Setting CVar [[r.ViewDistanceScale:1.0]]
[2019.06.19-15.16.22:352][  0]LogConfig: Applying CVar settings from Section [AntiAliasingQuality@3] File [C:/Users/dscclassroom/Desktop/RocketCar/Rocket_Car/Saved/Config/Windows/Scalability.ini]
[2019.06.19-15.16.22:352][  0]LogConfig: Setting CVar [[r.PostProcessAAQuality:4]]
[2019.06.19-15.16.22:352][  0]LogConfig: Applying CVar settings from Section [ShadowQuality@3] File [C:/Users/dscclassroom/Desktop/RocketCar/Rocket_Car/Saved/Config/Windows/Scalability.ini]
[2019.06.19-15.16.22:352][  0]LogConfig: Setting CVar [[r.LightFunctionQuality:1]]
[2019.06.19-15.16.22:352][  0]LogConfig: Setting CVar [[r.ShadowQuality:5]]
[2019.06.19-15.16.22:352][  0]LogConfig: Setting CVar [[r.Shadow.CSM.MaxCascades:10]]
[2019.06.19-15.16.22:352][  0]LogConfig: Setting CVar [[r.Shadow.MaxResolution:2048]]
[2019.06.19-15.16.22:352][  0]LogConfig: Setting CVar [[r.Shadow.MaxCSMResolution:2048]]
[2019.06.19-15.16.22:352][  0]LogConfig: Setting CVar [[r.Shadow.RadiusThreshold:0.01]]
[2019.06.19-15.16.22:352][  0]LogConfig: Setting CVar [[r.Shadow.DistanceScale:1.0]]
[2019.06.19-15.16.22:352][  0]LogConfig: Setting CVar [[r.Shadow.CSM.TransitionScale:1.0]]
[2019.06.19-15.16.22:352][  0]LogConfig: Setting CVar [[r.Shadow.PreShadowResolutionFactor:1.0]]
[2019.06.19-15.16.22:352][  0]LogConfig: Setting CVar [[r.DistanceFieldShadowing:1]]
[2019.06.19-15.16.22:352][  0]LogConfig: Setting CVar [[r.DistanceFieldAO:1]]
[2019.06.19-15.16.22:352][  0]LogConfig: Setting CVar [[r.AOQuality:2]]
[2019.06.19-15.16.22:352][  0]LogConfig: Setting CVar [[r.VolumetricFog:1]]
[2019.06.19-15.16.22:352][  0]LogConfig: Setting CVar [[r.VolumetricFog.GridPixelSize:8]]
[2019.06.19-15.16.22:352][  0]LogConfig: Setting CVar [[r.VolumetricFog.GridSizeZ:128]]
[2019.06.19-15.16.22:352][  0]LogConfig: Setting CVar [[r.VolumetricFog.HistoryMissSupersampleCount:4]]
[2019.06.19-15.16.22:352][  0]LogConfig: Setting CVar [[r.LightMaxDrawDistanceScale:1]]
[2019.06.19-15.16.22:352][  0]LogConfig: Setting CVar [[r.CapsuleShadows:1]]
[2019.06.19-15.16.22:352][  0]LogConfig: Applying CVar settings from Section [PostProcessQuality@3] File [C:/Users/dscclassroom/Desktop/RocketCar/Rocket_Car/Saved/Config/Windows/Scalability.ini]
[2019.06.19-15.16.22:352][  0]LogConfig: Setting CVar [[r.MotionBlurQuality:4]]
[2019.06.19-15.16.22:352][  0]LogConfig: Setting CVar [[r.AmbientOcclusionMipLevelFactor:0.4]]
[2019.06.19-15.16.22:352][  0]LogConfig: Setting CVar [[r.AmbientOcclusionMaxQuality:100]]
[2019.06.19-15.16.22:352][  0]LogConfig: Setting CVar [[r.AmbientOcclusionLevels:-1]]
[2019.06.19-15.16.22:352][  0]LogConfig: Setting CVar [[r.AmbientOcclusionRadiusScale:1.0]]
[2019.06.19-15.16.22:352][  0]LogConfig: Setting CVar [[r.DepthOfFieldQuality:2]]
[2019.06.19-15.16.22:352][  0]LogConfig: Setting CVar [[r.RenderTargetPoolMin:400]]
[2019.06.19-15.16.22:352][  0]LogConfig: Setting CVar [[r.LensFlareQuality:2]]
[2019.06.19-15.16.22:352][  0]LogConfig: Setting CVar [[r.SceneColorFringeQuality:1]]
[2019.06.19-15.16.22:352][  0]LogConfig: Setting CVar [[r.EyeAdaptationQuality:2]]
[2019.06.19-15.16.22:352][  0]LogConfig: Setting CVar [[r.BloomQuality:5]]
[2019.06.19-15.16.22:352][  0]LogConfig: Setting CVar [[r.FastBlurThreshold:100]]
[2019.06.19-15.16.22:352][  0]LogConfig: Setting CVar [[r.Upscale.Quality:3]]
[2019.06.19-15.16.22:352][  0]LogConfig: Setting CVar [[r.Tonemapper.GrainQuantization:1]]
[2019.06.19-15.16.22:352][  0]LogConfig: Setting CVar [[r.LightShaftQuality:1]]
[2019.06.19-15.16.22:352][  0]LogConfig: Setting CVar [[r.Filter.SizeScale:1]]
[2019.06.19-15.16.22:352][  0]LogConfig: Setting CVar [[r.Tonemapper.Quality:5]]
[2019.06.19-15.16.22:352][  0]LogConfig: Setting CVar [[r.DOF.Gather.AccumulatorQuality:1        ; higher gathering accumulator quality]]
[2019.06.19-15.16.22:352][  0]LogConfig: Setting CVar [[r.DOF.Gather.PostfilterMethod:1          ; Median3x3 postfilering method]]
[2019.06.19-15.16.22:352][  0]LogConfig: Setting CVar [[r.DOF.Gather.EnableBokehSettings:0       ; no bokeh simulation when gathering]]
[2019.06.19-15.16.22:352][  0]LogConfig: Setting CVar [[r.DOF.Gather.RingCount:4                 ; medium number of samples when gathering]]
[2019.06.19-15.16.22:352][  0]LogConfig: Setting CVar [[r.DOF.Scatter.ForegroundCompositing:1    ; additive foreground scattering]]
[2019.06.19-15.16.22:352][  0]LogConfig: Setting CVar [[r.DOF.Scatter.BackgroundCompositing:2    ; additive background scattering]]
[2019.06.19-15.16.22:352][  0]LogConfig: Setting CVar [[r.DOF.Scatter.EnableBokehSettings:1      ; bokeh simulation when scattering]]
[2019.06.19-15.16.22:352][  0]LogConfig: Setting CVar [[r.DOF.Scatter.MaxSpriteRatio:0.1         ; only a maximum of 10% of scattered bokeh]]
[2019.06.19-15.16.22:352][  0]LogConfig: Setting CVar [[r.DOF.Recombine.Quality:1                ; cheap slight out of focus]]
[2019.06.19-15.16.22:352][  0]LogConfig: Setting CVar [[r.DOF.Recombine.EnableBokehSettings:0    ; no bokeh simulation on slight out of focus]]
[2019.06.19-15.16.22:352][  0]LogConfig: Setting CVar [[r.DOF.TemporalAAQuality:1                ; more stable temporal accumulation]]
[2019.06.19-15.16.22:352][  0]LogConfig: Setting CVar [[r.DOF.Kernel.MaxForegroundRadius:0.025]]
[2019.06.19-15.16.22:352][  0]LogConfig: Setting CVar [[r.DOF.Kernel.MaxBackgroundRadius:0.025]]
[2019.06.19-15.16.22:352][  0]LogConfig: Applying CVar settings from Section [TextureQuality@3] File [C:/Users/dscclassroom/Desktop/RocketCar/Rocket_Car/Saved/Config/Windows/Scalability.ini]
[2019.06.19-15.16.22:352][  0]LogConfig: Setting CVar [[r.Streaming.MipBias:0]]
[2019.06.19-15.16.22:353][  0]LogConfig: Setting CVar [[r.Streaming.AmortizeCPUToGPUCopy:0]]
[2019.06.19-15.16.22:353][  0]LogConfig: Setting CVar [[r.Streaming.MaxNumTexturesToStreamPerFrame:0]]
[2019.06.19-15.16.22:353][  0]LogConfig: Setting CVar [[r.Streaming.Boost:1]]
[2019.06.19-15.16.22:353][  0]LogConfig: Setting CVar [[r.MaxAnisotropy:8]]
[2019.06.19-15.16.22:353][  0]LogConfig: Setting CVar [[r.Streaming.LimitPoolSizeToVRAM:0]]
[2019.06.19-15.16.22:353][  0]LogConfig: Setting CVar [[r.Streaming.PoolSize:1000]]
[2019.06.19-15.16.22:353][  0]LogConfig: Setting CVar [[r.Streaming.MaxEffectiveScreenSize:0]]
[2019.06.19-15.16.22:353][  0]LogConfig: Applying CVar settings from Section [EffectsQuality@3] File [C:/Users/dscclassroom/Desktop/RocketCar/Rocket_Car/Saved/Config/Windows/Scalability.ini]
[2019.06.19-15.16.22:353][  0]LogConfig: Setting CVar [[r.TranslucencyLightingVolumeDim:64]]
[2019.06.19-15.16.22:353][  0]LogConfig: Setting CVar [[r.RefractionQuality:2]]
[2019.06.19-15.16.22:353][  0]LogConfig: Setting CVar [[r.SSR.Quality:3]]
[2019.06.19-15.16.22:353][  0]LogConfig: Setting CVar [[r.SceneColorFormat:4]]
[2019.06.19-15.16.22:353][  0]LogConfig: Setting CVar [[r.DetailMode:2]]
[2019.06.19-15.16.22:353][  0]LogConfig: Setting CVar [[r.TranslucencyVolumeBlur:1]]
[2019.06.19-15.16.22:353][  0]LogConfig: Setting CVar [[r.MaterialQualityLevel:1 ; High quality]]
[2019.06.19-15.16.22:353][  0]LogConfig: Setting CVar [[r.SSS.Scale:1]]
[2019.06.19-15.16.22:353][  0]LogConfig: Setting CVar [[r.SSS.SampleSet:2]]
[2019.06.19-15.16.22:353][  0]LogConfig: Setting CVar [[r.SSS.Quality:1]]
[2019.06.19-15.16.22:353][  0]LogConfig: Setting CVar [[r.SSS.HalfRes:1]]
[2019.06.19-15.16.22:353][  0]LogConfig: Setting CVar [[r.EmitterSpawnRateScale:1.0]]
[2019.06.19-15.16.22:353][  0]LogConfig: Setting CVar [[r.ParticleLightQuality:2]]
[2019.06.19-15.16.22:353][  0]LogConfig: Applying CVar settings from Section [FoliageQuality@3] File [C:/Users/dscclassroom/Desktop/RocketCar/Rocket_Car/Saved/Config/Windows/Scalability.ini]
[2019.06.19-15.16.22:353][  0]LogConfig: Setting CVar [[foliage.DensityScale:1.0]]
[2019.06.19-15.16.22:353][  0]LogConfig: Setting CVar [[grass.DensityScale:1.0]]
[2019.06.19-15.16.22:353][  0]LogInit: Selected Device Profile: [Windows]
[2019.06.19-15.16.22:353][  0]LogInit: Applying CVar settings loaded from the selected device profile: [Windows]
[2019.06.19-15.16.22:364][  0]LogHAL: Display: Platform has ~ 8 GB [8354168832 / 8589934592 / 8], which maps to Default [LargestMinGB=32, LargerMinGB=12, DefaultMinGB=8, SmallerMinGB=6, SmallestMinGB=0)
[2019.06.19-15.16.22:364][  0]LogConfig: Setting CVar [[r.Vulkan.UseRealUBs:0		; Required until we fix HLR fall-out]]
[2019.06.19-15.16.22:364][  0]LogInit: Going up to parent DeviceProfile []
[2019.06.19-15.16.22:364][  0]LogConfig: Applying CVar settings from Section [ViewDistanceQuality@3] File [C:/Users/dscclassroom/Desktop/RocketCar/Rocket_Car/Saved/Config/Windows/Scalability.ini]
[2019.06.19-15.16.22:364][  0]LogConfig: Setting CVar [[r.SkeletalMeshLODBias:0]]
[2019.06.19-15.16.22:364][  0]LogConfig: Setting CVar [[r.ViewDistanceScale:1.0]]
[2019.06.19-15.16.22:364][  0]LogConfig: Applying CVar settings from Section [AntiAliasingQuality@3] File [C:/Users/dscclassroom/Desktop/RocketCar/Rocket_Car/Saved/Config/Windows/Scalability.ini]
[2019.06.19-15.16.22:364][  0]LogConfig: Setting CVar [[r.PostProcessAAQuality:4]]
[2019.06.19-15.16.22:364][  0]LogConfig: Applying CVar settings from Section [ShadowQuality@3] File [C:/Users/dscclassroom/Desktop/RocketCar/Rocket_Car/Saved/Config/Windows/Scalability.ini]
[2019.06.19-15.16.22:364][  0]LogConfig: Setting CVar [[r.LightFunctionQuality:1]]
[2019.06.19-15.16.22:364][  0]LogConfig: Setting CVar [[r.ShadowQuality:5]]
[2019.06.19-15.16.22:364][  0]LogConfig: Setting CVar [[r.Shadow.CSM.MaxCascades:10]]
[2019.06.19-15.16.22:364][  0]LogConfig: Setting CVar [[r.Shadow.MaxResolution:2048]]
[2019.06.19-15.16.22:364][  0]LogConfig: Setting CVar [[r.Shadow.MaxCSMResolution:2048]]
[2019.06.19-15.16.22:364][  0]LogConfig: Setting CVar [[r.Shadow.RadiusThreshold:0.01]]
[2019.06.19-15.16.22:364][  0]LogConfig: Setting CVar [[r.Shadow.DistanceScale:1.0]]
[2019.06.19-15.16.22:364][  0]LogConfig: Setting CVar [[r.Shadow.CSM.TransitionScale:1.0]]
[2019.06.19-15.16.22:364][  0]LogConfig: Setting CVar [[r.Shadow.PreShadowResolutionFactor:1.0]]
[2019.06.19-15.16.22:364][  0]LogConfig: Setting CVar [[r.DistanceFieldShadowing:1]]
[2019.06.19-15.16.22:364][  0]LogConfig: Setting CVar [[r.DistanceFieldAO:1]]
[2019.06.19-15.16.22:364][  0]LogConfig: Setting CVar [[r.AOQuality:2]]
[2019.06.19-15.16.22:364][  0]LogConfig: Setting CVar [[r.VolumetricFog:1]]
[2019.06.19-15.16.22:364][  0]LogConfig: Setting CVar [[r.VolumetricFog.GridPixelSize:8]]
[2019.06.19-15.16.22:364][  0]LogConfig: Setting CVar [[r.VolumetricFog.GridSizeZ:128]]
[2019.06.19-15.16.22:364][  0]LogConfig: Setting CVar [[r.VolumetricFog.HistoryMissSupersampleCount:4]]
[2019.06.19-15.16.22:364][  0]LogConfig: Setting CVar [[r.LightMaxDrawDistanceScale:1]]
[2019.06.19-15.16.22:364][  0]LogConfig: Setting CVar [[r.CapsuleShadows:1]]
[2019.06.19-15.16.22:364][  0]LogConfig: Applying CVar settings from Section [PostProcessQuality@3] File [C:/Users/dscclassroom/Desktop/RocketCar/Rocket_Car/Saved/Config/Windows/Scalability.ini]
[2019.06.19-15.16.22:364][  0]LogConfig: Setting CVar [[r.MotionBlurQuality:4]]
[2019.06.19-15.16.22:364][  0]LogConfig: Setting CVar [[r.AmbientOcclusionMipLevelFactor:0.4]]
[2019.06.19-15.16.22:364][  0]LogConfig: Setting CVar [[r.AmbientOcclusionMaxQuality:100]]
[2019.06.19-15.16.22:364][  0]LogConfig: Setting CVar [[r.AmbientOcclusionLevels:-1]]
[2019.06.19-15.16.22:364][  0]LogConfig: Setting CVar [[r.AmbientOcclusionRadiusScale:1.0]]
[2019.06.19-15.16.22:364][  0]LogConfig: Setting CVar [[r.DepthOfFieldQuality:2]]
[2019.06.19-15.16.22:364][  0]LogConfig: Setting CVar [[r.RenderTargetPoolMin:400]]
[2019.06.19-15.16.22:364][  0]LogConfig: Setting CVar [[r.LensFlareQuality:2]]
[2019.06.19-15.16.22:364][  0]LogConfig: Setting CVar [[r.SceneColorFringeQuality:1]]
[2019.06.19-15.16.22:364][  0]LogConfig: Setting CVar [[r.EyeAdaptationQuality:2]]
[2019.06.19-15.16.22:364][  0]LogConfig: Setting CVar [[r.BloomQuality:5]]
[2019.06.19-15.16.22:364][  0]LogConfig: Setting CVar [[r.FastBlurThreshold:100]]
[2019.06.19-15.16.22:364][  0]LogConfig: Setting CVar [[r.Upscale.Quality:3]]
[2019.06.19-15.16.22:364][  0]LogConfig: Setting CVar [[r.Tonemapper.GrainQuantization:1]]
[2019.06.19-15.16.22:364][  0]LogConfig: Setting CVar [[r.LightShaftQuality:1]]
[2019.06.19-15.16.22:364][  0]LogConfig: Setting CVar [[r.Filter.SizeScale:1]]
[2019.06.19-15.16.22:364][  0]LogConfig: Setting CVar [[r.Tonemapper.Quality:5]]
[2019.06.19-15.16.22:364][  0]LogConfig: Setting CVar [[r.DOF.Gather.AccumulatorQuality:1        ; higher gathering accumulator quality]]
[2019.06.19-15.16.22:364][  0]LogConfig: Setting CVar [[r.DOF.Gather.PostfilterMethod:1          ; Median3x3 postfilering method]]
[2019.06.19-15.16.22:364][  0]LogConfig: Setting CVar [[r.DOF.Gather.EnableBokehSettings:0       ; no bokeh simulation when gathering]]
[2019.06.19-15.16.22:364][  0]LogConfig: Setting CVar [[r.DOF.Gather.RingCount:4                 ; medium number of samples when gathering]]
[2019.06.19-15.16.22:364][  0]LogConfig: Setting CVar [[r.DOF.Scatter.ForegroundCompositing:1    ; additive foreground scattering]]
[2019.06.19-15.16.22:364][  0]LogConfig: Setting CVar [[r.DOF.Scatter.BackgroundCompositing:2    ; additive background scattering]]
[2019.06.19-15.16.22:364][  0]LogConfig: Setting CVar [[r.DOF.Scatter.EnableBokehSettings:1      ; bokeh simulation when scattering]]
[2019.06.19-15.16.22:364][  0]LogConfig: Setting CVar [[r.DOF.Scatter.MaxSpriteRatio:0.1         ; only a maximum of 10% of scattered bokeh]]
[2019.06.19-15.16.22:364][  0]LogConfig: Setting CVar [[r.DOF.Recombine.Quality:1                ; cheap slight out of focus]]
[2019.06.19-15.16.22:364][  0]LogConfig: Setting CVar [[r.DOF.Recombine.EnableBokehSettings:0    ; no bokeh simulation on slight out of focus]]
[2019.06.19-15.16.22:364][  0]LogConfig: Setting CVar [[r.DOF.TemporalAAQuality:1                ; more stable temporal accumulation]]
[2019.06.19-15.16.22:364][  0]LogConfig: Setting CVar [[r.DOF.Kernel.MaxForegroundRadius:0.025]]
[2019.06.19-15.16.22:364][  0]LogConfig: Setting CVar [[r.DOF.Kernel.MaxBackgroundRadius:0.025]]
[2019.06.19-15.16.22:364][  0]LogConfig: Applying CVar settings from Section [TextureQuality@3] File [C:/Users/dscclassroom/Desktop/RocketCar/Rocket_Car/Saved/Config/Windows/Scalability.ini]
[2019.06.19-15.16.22:364][  0]LogConfig: Setting CVar [[r.Streaming.MipBias:0]]
[2019.06.19-15.16.22:364][  0]LogConfig: Setting CVar [[r.Streaming.AmortizeCPUToGPUCopy:0]]
[2019.06.19-15.16.22:364][  0]LogConfig: Setting CVar [[r.Streaming.MaxNumTexturesToStreamPerFrame:0]]
[2019.06.19-15.16.22:364][  0]LogConfig: Setting CVar [[r.Streaming.Boost:1]]
[2019.06.19-15.16.22:364][  0]LogConfig: Setting CVar [[r.MaxAnisotropy:8]]
[2019.06.19-15.16.22:364][  0]LogConfig: Setting CVar [[r.Streaming.LimitPoolSizeToVRAM:0]]
[2019.06.19-15.16.22:364][  0]LogConfig: Setting CVar [[r.Streaming.PoolSize:1000]]
[2019.06.19-15.16.22:364][  0]LogConfig: Setting CVar [[r.Streaming.MaxEffectiveScreenSize:0]]
[2019.06.19-15.16.22:364][  0]LogConfig: Applying CVar settings from Section [EffectsQuality@3] File [C:/Users/dscclassroom/Desktop/RocketCar/Rocket_Car/Saved/Config/Windows/Scalability.ini]
[2019.06.19-15.16.22:365][  0]LogConfig: Setting CVar [[r.TranslucencyLightingVolumeDim:64]]
[2019.06.19-15.16.22:365][  0]LogConfig: Setting CVar [[r.RefractionQuality:2]]
[2019.06.19-15.16.22:365][  0]LogConfig: Setting CVar [[r.SSR.Quality:3]]
[2019.06.19-15.16.22:365][  0]LogConfig: Setting CVar [[r.SceneColorFormat:4]]
[2019.06.19-15.16.22:365][  0]LogConfig: Setting CVar [[r.DetailMode:2]]
[2019.06.19-15.16.22:365][  0]LogConfig: Setting CVar [[r.TranslucencyVolumeBlur:1]]
[2019.06.19-15.16.22:365][  0]LogConfig: Setting CVar [[r.MaterialQualityLevel:1 ; High quality]]
[2019.06.19-15.16.22:365][  0]LogConfig: Setting CVar [[r.SSS.Scale:1]]
[2019.06.19-15.16.22:365][  0]LogConfig: Setting CVar [[r.SSS.SampleSet:2]]
[2019.06.19-15.16.22:365][  0]LogConfig: Setting CVar [[r.SSS.Quality:1]]
[2019.06.19-15.16.22:365][  0]LogConfig: Setting CVar [[r.SSS.HalfRes:1]]
[2019.06.19-15.16.22:365][  0]LogConfig: Setting CVar [[r.EmitterSpawnRateScale:1.0]]
[2019.06.19-15.16.22:365][  0]LogConfig: Setting CVar [[r.ParticleLightQuality:2]]
[2019.06.19-15.16.22:365][  0]LogConfig: Applying CVar settings from Section [FoliageQuality@3] File [C:/Users/dscclassroom/Desktop/RocketCar/Rocket_Car/Saved/Config/Windows/Scalability.ini]
[2019.06.19-15.16.22:365][  0]LogConfig: Setting CVar [[foliage.DensityScale:1.0]]
[2019.06.19-15.16.22:365][  0]LogConfig: Setting CVar [[grass.DensityScale:1.0]]
[2019.06.19-15.16.22:365][  0]LogConfig: Applying CVar settings from Section [Startup] File [../../../Engine/Config/ConsoleVariables.ini]
[2019.06.19-15.16.22:365][  0]LogConfig: Setting CVar [[net.UseAdaptiveNetUpdateFrequency:0]]
[2019.06.19-15.16.22:365][  0]LogConfig: Setting CVar [[p.chaos.AllowCreatePhysxBodies:1]]
[2019.06.19-15.16.22:365][  0]LogConfig: Applying CVar settings from Section [ConsoleVariables] File [C:/Users/dscclassroom/Desktop/RocketCar/Rocket_Car/Saved/Config/Windows/Engine.ini]
[2019.06.19-15.16.22:365][  0]LogInit: Computer: DESKTOP-RCINI4P
[2019.06.19-15.16.22:365][  0]LogInit: User: dscclassroom
[2019.06.19-15.16.22:365][  0]LogInit: CPU Page size=4096, Cores=4
[2019.06.19-15.16.22:365][  0]LogInit: High frequency timer resolution =10.000000 MHz
[2019.06.19-15.16.22:365][  0]LogMemory: Memory total: Physical=7.8GB (8GB approx)
[2019.06.19-15.16.22:365][  0]LogMemory: Platform Memory Stats for Windows
[2019.06.19-15.16.22:365][  0]LogMemory: Process Physical Memory: 96.19 MB used, 96.20 MB peak
[2019.06.19-15.16.22:365][  0]LogMemory: Process Virtual Memory: 90.73 MB used, 90.73 MB peak
[2019.06.19-15.16.22:365][  0]LogMemory: Physical Memory: 3728.02 MB used,  4239.13 MB free, 7967.16 MB total
[2019.06.19-15.16.22:365][  0]LogMemory: Virtual Memory: 4657.98 MB used,  134213072.00 MB free, 134217728.00 MB total
[2019.06.19-15.16.22:385][  0]LogInit: Using OS detected language (en-US).
[2019.06.19-15.16.22:385][  0]LogInit: Using OS detected locale (en-US).
[2019.06.19-15.16.22:385][  0]LogTextLocalizationManager: No specific localization for 'en-US' exists, so the 'en' localization will be used.
[2019.06.19-15.16.22:525][  0]LogInit: Setting process to per monitor DPI aware
[2019.06.19-15.16.22:574][  0]LogSlate: New Slate User Created.  User Index 0, Is Virtual User: 0
[2019.06.19-15.16.22:574][  0]LogSlate: Slate User Registered.  User Index 0, Is Virtual User: 0
[2019.06.19-15.16.22:734][  0]LogHMD: Failed to initialize OpenVR with code 110
[2019.06.19-15.16.22:734][  0]LogD3D11RHI: D3D11 adapters:
[2019.06.19-15.16.22:792][  0]LogD3D11RHI:    0. 'NVIDIA GeForce MX130' (Feature Level 11_0)
[2019.06.19-15.16.22:792][  0]LogD3D11RHI:       2010/0/3983 MB DedicatedVideo/DedicatedSystem/SharedSystem, Outputs:1, VendorId:0x10de
[2019.06.19-15.16.22:801][  0]LogD3D11RHI:    1. 'Intel(R) UHD Graphics 620' (Feature Level 11_0)
[2019.06.19-15.16.22:802][  0]LogD3D11RHI:       128/0/3983 MB DedicatedVideo/DedicatedSystem/SharedSystem, Outputs:0, VendorId:0x8086
[2019.06.19-15.16.22:803][  0]LogD3D11RHI:    2. 'Microsoft Basic Render Driver' (Feature Level 11_0)
[2019.06.19-15.16.22:803][  0]LogD3D11RHI:       0/0/3983 MB DedicatedVideo/DedicatedSystem/SharedSystem, Outputs:0, VendorId:0x1414
[2019.06.19-15.16.22:803][  0]LogD3D11RHI: Chosen D3D11 Adapter: 0
[2019.06.19-15.16.22:822][  0]LogD3D11RHI: Creating new Direct3DDevice
[2019.06.19-15.16.22:822][  0]LogD3D11RHI:     GPU DeviceId: 0x174d (for the marketing name, search the web for "GPU Device Id")
[2019.06.19-15.16.22:822][  0]LogWindows: EnumDisplayDevices:
[2019.06.19-15.16.22:822][  0]LogWindows:    0. 'Intel(R) UHD Graphics 620' (P:1 D:1)
[2019.06.19-15.16.22:822][  0]LogWindows:    1. 'Intel(R) UHD Graphics 620' (P:0 D:0)
[2019.06.19-15.16.22:822][  0]LogWindows:    2. 'Intel(R) UHD Graphics 620' (P:0 D:0)
[2019.06.19-15.16.22:823][  0]LogWindows: DebugString: PrimaryIsNotTheChoosenAdapter PrimaryIsNotTheChoosenAdapter PrimaryIsNotTheChoosenAdapter FoundDriverCount:0 
[2019.06.19-15.16.22:823][  0]LogD3D11RHI:     Adapter Name: NVIDIA GeForce MX130
[2019.06.19-15.16.22:823][  0]LogD3D11RHI:   Driver Version: Unknown (internal:Unknown, unified:Unknown)
[2019.06.19-15.16.22:823][  0]LogD3D11RHI:      Driver Date: Unknown
[2019.06.19-15.16.22:823][  0]LogRHI: Texture pool is 1407 MB (70% of 2010 MB)
[2019.06.19-15.16.22:862][  0]LogD3D11RHI: Async texture creation enabled
[2019.06.19-15.16.22:866][  0]LogRendererCore: FGlobalReadBuffer::InitRHI
[2019.06.19-15.16.22:866][  0]LogRendererCore: FGlobalReadBuffer::InitRHI
[2019.06.19-15.16.22:866][  0]LogRendererCore: FGlobalReadBuffer::InitRHI
[2019.06.19-15.16.22:875][  0]LogD3D11RHI: GPU Timing Frequency: 1000.000000 (Debug: 2 1)
[2019.06.19-15.16.23:148][  0]LogTemp: Display: Module 'AllDesktopTargetPlatform' loaded TargetPlatform 'AllDesktop'
[2019.06.19-15.16.23:162][  0]LogTemp: Display: Module 'MacClientTargetPlatform' loaded TargetPlatform 'MacClient'
[2019.06.19-15.16.23:174][  0]LogTemp: Display: Module 'MacNoEditorTargetPlatform' loaded TargetPlatform 'MacNoEditor'
[2019.06.19-15.16.23:186][  0]LogTemp: Display: Module 'MacServerTargetPlatform' loaded TargetPlatform 'MacServer'
[2019.06.19-15.16.23:198][  0]LogTemp: Display: Module 'MacTargetPlatform' loaded TargetPlatform 'Mac'
[2019.06.19-15.16.23:222][  0]LogTemp: Display: Module 'WindowsClientTargetPlatform' loaded TargetPlatform 'WindowsClient'
[2019.06.19-15.16.23:244][  0]LogTemp: Display: Module 'WindowsNoEditorTargetPlatform' loaded TargetPlatform 'WindowsNoEditor'
[2019.06.19-15.16.23:273][  0]LogTemp: Display: Module 'WindowsServerTargetPlatform' loaded TargetPlatform 'WindowsServer'
[2019.06.19-15.16.23:287][  0]LogTemp: Display: Module 'WindowsTargetPlatform' loaded TargetPlatform 'Windows'
[2019.06.19-15.16.23:368][  0]LogTemp: Display: Module 'AndroidTargetPlatform' loaded TargetPlatform 'Android'
[2019.06.19-15.16.23:368][  0]LogTemp: Display: Module 'AndroidTargetPlatform' loaded TargetPlatform 'Android_ASTC'
[2019.06.19-15.16.23:368][  0]LogTemp: Display: Module 'AndroidTargetPlatform' loaded TargetPlatform 'Android_ATC'
[2019.06.19-15.16.23:368][  0]LogTemp: Display: Module 'AndroidTargetPlatform' loaded TargetPlatform 'Android_DXT'
[2019.06.19-15.16.23:368][  0]LogTemp: Display: Module 'AndroidTargetPlatform' loaded TargetPlatform 'Android_ETC1'
[2019.06.19-15.16.23:368][  0]LogTemp: Display: Module 'AndroidTargetPlatform' loaded TargetPlatform 'Android_ETC1a'
[2019.06.19-15.16.23:368][  0]LogTemp: Display: Module 'AndroidTargetPlatform' loaded TargetPlatform 'Android_ETC2'
[2019.06.19-15.16.23:368][  0]LogTemp: Display: Module 'AndroidTargetPlatform' loaded TargetPlatform 'Android_PVRTC'
[2019.06.19-15.16.23:368][  0]LogTemp: Display: Module 'AndroidTargetPlatform' loaded TargetPlatform 'AndroidClient'
[2019.06.19-15.16.23:368][  0]LogTemp: Display: Module 'AndroidTargetPlatform' loaded TargetPlatform 'Android_ASTCClient'
[2019.06.19-15.16.23:368][  0]LogTemp: Display: Module 'AndroidTargetPlatform' loaded TargetPlatform 'Android_ATCClient'
[2019.06.19-15.16.23:368][  0]LogTemp: Display: Module 'AndroidTargetPlatform' loaded TargetPlatform 'Android_DXTClient'
[2019.06.19-15.16.23:368][  0]LogTemp: Display: Module 'AndroidTargetPlatform' loaded TargetPlatform 'Android_ETC1Client'
[2019.06.19-15.16.23:368][  0]LogTemp: Display: Module 'AndroidTargetPlatform' loaded TargetPlatform 'Android_ETC1aClient'
[2019.06.19-15.16.23:368][  0]LogTemp: Display: Module 'AndroidTargetPlatform' loaded TargetPlatform 'Android_ETC2Client'
[2019.06.19-15.16.23:368][  0]LogTemp: Display: Module 'AndroidTargetPlatform' loaded TargetPlatform 'Android_PVRTCClient'
[2019.06.19-15.16.23:368][  0]LogTemp: Display: Module 'AndroidTargetPlatform' loaded TargetPlatform 'Android_Multi'
[2019.06.19-15.16.23:368][  0]LogTemp: Display: Module 'AndroidTargetPlatform' loaded TargetPlatform 'Android_MultiClient'
[2019.06.19-15.16.23:369][  0]LogTemp: Display: Module 'HTML5TargetPlatform' loaded TargetPlatform 'HTML5'
[2019.06.19-15.16.23:427][  0]LogTemp: Display: Module 'IOSTargetPlatform' loaded TargetPlatform 'IOSClient'
[2019.06.19-15.16.23:427][  0]LogTemp: Display: Module 'IOSTargetPlatform' loaded TargetPlatform 'IOS'
[2019.06.19-15.16.23:449][  0]LogTemp: Display: Module 'TVOSTargetPlatform' loaded TargetPlatform 'TVOSClient'
[2019.06.19-15.16.23:449][  0]LogTemp: Display: Module 'TVOSTargetPlatform' loaded TargetPlatform 'TVOS'
[2019.06.19-15.16.23:459][  0]LogTemp: Display: Module 'LinuxClientTargetPlatform' loaded TargetPlatform 'LinuxClient'
[2019.06.19-15.16.23:470][  0]LogTemp: Display: Module 'LinuxNoEditorTargetPlatform' loaded TargetPlatform 'LinuxNoEditor'
[2019.06.19-15.16.23:481][  0]LogTemp: Display: Module 'LinuxServerTargetPlatform' loaded TargetPlatform 'LinuxServer'
[2019.06.19-15.16.23:493][  0]LogTemp: Display: Module 'LinuxTargetPlatform' loaded TargetPlatform 'Linux'
[2019.06.19-15.16.23:532][  0]LogTemp: Display: Module 'LuminTargetPlatform' loaded TargetPlatform 'Lumin'
[2019.06.19-15.16.23:532][  0]LogTemp: Display: Module 'LuminTargetPlatform' loaded TargetPlatform 'LuminClient'
[2019.06.19-15.16.23:532][  0]LogTargetPlatformManager: Display: Building Assets For Windows
[2019.06.19-15.16.23:538][  0]LogAudioDebug: Display: Lib vorbis DLL was dynamically loaded.
[2019.06.19-15.16.23:572][  0]LogShaderCompilers: Guid format shader working directory is -12 characters bigger than the processId version (../../../../../../Users/dscclassroom/Desktop/RocketCar/Rocket_Car/Intermediate/Shaders/WorkingDirectory/7036/).
[2019.06.19-15.16.23:572][  0]LogShaderCompilers: Cleaned the shader compiler working directory 'C:/Users/dscclassroom/AppData/Local/Temp/UnrealShaderWorkingDir/466D1B1C4C26C2618F27E2A4C4389D7A/'.
[2019.06.19-15.16.23:573][  0]LogXGEController: Cleaning working directory: C:/Users/dscclassroom/AppData/Local/Temp/UnrealXGEWorkingDir/
[2019.06.19-15.16.23:573][  0]LogXGEController: Cannot use XGE Controller as Incredibuild is not installed on this machine.
[2019.06.19-15.16.23:573][  0]LogShaderCompilers: Cannot use XGE Shader Compiler as Incredibuild is not installed on this machine.
[2019.06.19-15.16.23:573][  0]LogShaderCompilers: Display: Using Local Shader Compiler.
[2019.06.19-15.16.24:077][  0]LogDerivedDataCache: Display: Max Cache Size: 512 MB
[2019.06.19-15.16.24:127][  0]LogDerivedDataCache: Loaded boot cache 0.05s 72MB C:/Users/dscclassroom/AppData/Local/UnrealEngine/4.22/DerivedDataCache/Boot.ddc.
[2019.06.19-15.16.24:127][  0]LogDerivedDataCache: Display: Loaded Boot cache: C:/Users/dscclassroom/AppData/Local/UnrealEngine/4.22/DerivedDataCache/Boot.ddc
[2019.06.19-15.16.24:127][  0]LogDerivedDataCache: FDerivedDataBackendGraph:  Pak pak cache file ../../../../../../Users/dscclassroom/Desktop/RocketCar/Rocket_Car/DerivedDataCache/DDC.ddp not found, will not use a pak cache.
[2019.06.19-15.16.24:127][  0]LogDerivedDataCache: Unable to find inner node Pak for hierarchical cache Hierarchy.
[2019.06.19-15.16.24:127][  0]LogDerivedDataCache: FDerivedDataBackendGraph:  CompressedPak pak cache file ../../../../../../Users/dscclassroom/Desktop/RocketCar/Rocket_Car/DerivedDataCache/Compressed.ddp not found, will not use a pak cache.
[2019.06.19-15.16.24:127][  0]LogDerivedDataCache: Unable to find inner node CompressedPak for hierarchical cache Hierarchy.
[2019.06.19-15.16.24:138][  0]LogDerivedDataCache: Display: Pak cache opened for reading ../../../Engine/DerivedDataCache/Compressed.ddp.
[2019.06.19-15.16.24:141][  0]LogDerivedDataCache: Display: Pak cache opened for reading ../../../Enterprise/DerivedDataCache/Compressed.ddp.
[2019.06.19-15.16.24:153][  0]LogDerivedDataCache: Using Local data cache path C:/Users/dscclassroom/AppData/Local/UnrealEngine/Common/DerivedDataCache: Writable
[2019.06.19-15.16.24:153][  0]LogDerivedDataCache: Shared data cache path not found in *engine.ini, will not use an Shared cache.
[2019.06.19-15.16.24:153][  0]LogDerivedDataCache: Unable to find inner node Shared for hierarchical cache Hierarchy.
[2019.06.19-15.16.24:173][  0]LogMaterial: Verifying Global Shaders for PCD3D_SM5
[2019.06.19-15.16.24:174][  0]LogSlate: Using FreeType 2.6.0
[2019.06.19-15.16.24:174][  0]LogSlate: SlateFontServices - WITH_FREETYPE: 1, WITH_HARFBUZZ: 1
[2019.06.19-15.16.24:249][  0]LogAssetRegistry: FAssetRegistry took 0.0322 seconds to start up
[2019.06.19-15.16.24:528][  0]LogInit: Selected Device Profile: [Windows]
[2019.06.19-15.16.24:644][  0]LogMeshReduction: Using QuadricMeshReduction for automatic static mesh reduction
[2019.06.19-15.16.24:644][  0]LogMeshReduction: Using SimplygonMeshReduction for automatic skeletal mesh reduction
[2019.06.19-15.16.24:644][  0]LogMeshReduction: Using ProxyLODMeshReduction for automatic mesh merging
[2019.06.19-15.16.24:644][  0]LogMeshReduction: No distributed automatic mesh merging module available
[2019.06.19-15.16.24:644][  0]LogMeshMerging: No distributed automatic mesh merging module available
[2019.06.19-15.16.24:654][  0]LogNetVersion: Rocket_Car 1.0.0, NetCL: 5660361, EngineNetVer: 10, GameNetVer: 0 (Checksum: 1324144171)
[2019.06.19-15.16.25:040][  0]LogPackageLocalizationCache: Processed 16 localized package path(s) for 1 prioritized culture(s) in 0.058168 seconds
[2019.06.19-15.16.25:046][  0]LogUObjectArray: 42205 objects as part of root set at end of initial load.
[2019.06.19-15.16.25:047][  0]LogUObjectAllocator: 7325032 out of 0 bytes used by permanent object pool.
[2019.06.19-15.16.25:047][  0]LogUObjectArray: CloseDisregardForGC: 0/0 objects in disregard for GC pool
[2019.06.19-15.16.25:754][  0]LogTcpMessaging: Initializing TcpMessaging bridge
[2019.06.19-15.16.25:769][  0]LogUdpMessaging: Initializing bridge on interface 0.0.0.0:0 to multicast group 230.0.0.1:6666.
[2019.06.19-15.16.25:882][  0]SourceControl: Source control is disabled
[2019.06.19-15.16.25:882][  0]SourceControl: Source control is disabled
[2019.06.19-15.16.25:883][  0]SourceControl: Source control is disabled
[2019.06.19-15.16.25:884][  0]SourceControl: Source control is disabled
[2019.06.19-15.16.25:891][  0]LogVSAccessor: Display: Unable to create Visual Studio setup instance: 80040154
[2019.06.19-15.16.25:891][  0]LogVSAccessor: Display: Unable to create Visual Studio setup instance: 80040154
[2019.06.19-15.16.25:981][  0]LogAndroidPermission: UAndroidPermissionCallbackProxy::GetInstance
[2019.06.19-15.16.26:024][  0]LogOcInput: OculusInput pre-init called
[2019.06.19-15.16.27:798][  0]LogWindows: Failed to load 'libalias_api.dll' (GetLastError=126)
[2019.06.19-15.16.27:798][  0]LogWindows: File 'libalias_api.dll' does not exist
[2019.06.19-15.16.27:799][  0]LogWindows: Failed to load 'libalias_api.dll' (GetLastError=126)
[2019.06.19-15.16.27:799][  0]LogWindows: File 'libalias_api.dll' does not exist
[2019.06.19-15.16.27:949][  0]LogEngine: Initializing Engine...
[2019.06.19-15.16.27:950][  0]LogHMD: Failed to initialize OpenVR with code 110
[2019.06.19-15.16.27:951][  0]LogStats: UGameplayTagsManager::InitializeManager -  0.000 s
[2019.06.19-15.16.28:140][  0]LogInit: Initializing FReadOnlyCVARCache
[2019.06.19-15.16.28:149][  0]LogAIModule: Creating AISystem for world Untitled
[2019.06.19-15.16.28:164][  0]LogInit: XAudio2 using 'Speakers/Headphones (Realtek(R) Audio)' : 2 channels at 48 kHz using 32 bits per sample (channel mask 0x3)
[2019.06.19-15.16.29:010][  0]LogInit: FAudioDevice initialized.
[2019.06.19-15.16.29:010][  0]LogNetVersion: Set ProjectVersion to 1.0.0.0. Version Checksum will be recalculated on next use.
[2019.06.19-15.16.29:918][  0]LogDerivedDataCache: Saved boot cache 0.91s 72MB C:/Users/dscclassroom/AppData/Local/UnrealEngine/4.22/DerivedDataCache/Boot.ddc.
[2019.06.19-15.16.29:936][  0]LogInit: Texture streaming: Enabled
[2019.06.19-15.16.29:948][  0]LogEngineSessionManager: EngineSessionManager initialized
[2019.06.19-15.16.29:963][  0]LogInit: Transaction tracking system initialized
[2019.06.19-15.16.29:978][  0]BlueprintLog: New page: Editor Load
[2019.06.19-15.16.30:066][  0]LocalizationService: Localization service is disabled
[2019.06.19-15.16.30:185][  0]LogVSAccessor: Display: Unable to create Visual Studio setup instance: 80040154
[2019.06.19-15.16.30:185][  0]LogVSAccessor: Display: Unable to create Visual Studio setup instance: 80040154
[2019.06.19-15.16.30:355][  0]LogFileCache: Scanning file cache for directory 'C:/Users/dscclassroom/Desktop/RocketCar/Rocket_Car/Content/' took 0.01s
[2019.06.19-15.16.30:355][  0]LogCook: Display: Max memory allowance for cook 16384mb min free memory 0mb
[2019.06.19-15.16.30:355][  0]LogCook: Display: Mobile HDR setting 1
[2019.06.19-15.16.31:482][  0]SourceControl: Source control is disabled
[2019.06.19-15.16.31:482][  0]Cmd: MAP LOAD FILE="../../../../../../Users/dscclassroom/Desktop/RocketCar/Rocket_Car/Content/VehicleBP/Maps/VehicleExampleMap.umap" TEMPLATE=0 SHOWPROGRESS=1 FEATURELEVEL=3
[2019.06.19-15.16.31:482][  0]LightingResults: New page: Lighting Build
[2019.06.19-15.16.31:484][  0]MapCheck: New page: Map Check
[2019.06.19-15.16.31:484][  0]LightingResults: New page: Lighting Build
[2019.06.19-15.16.31:509][  0]LogUObjectHash: Compacting FUObjectHashTables data took   1.53ms
[2019.06.19-15.16.31:726][  0]LogAIModule: Creating AISystem for world VehicleExampleMap
[2019.06.19-15.16.31:738][  0]LogEditorServer: Finished looking for orphan Actors (0.000 secs)
[2019.06.19-15.16.31:784][  0]LogUObjectHash: Compacting FUObjectHashTables data took   2.68ms
[2019.06.19-15.16.31:784][  0]Cmd: MAP CHECKDEP NOCLEARLOG
[2019.06.19-15.16.31:784][  0]MapCheck: Map check complete: 0 Error(s), 0 Warning(s), took 0.132ms to complete.
[2019.06.19-15.16.31:784][  0]LogFileHelpers: Loading map 'VehicleExampleMap' took 0.301
[2019.06.19-15.16.31:881][  0]LogSlate: Updating window title bar state: overlay mode, drag disabled, window buttons hidden, title bar hidden
[2019.06.19-15.16.31:887][  0]LogSlate: Updating window title bar state: overlay mode, drag disabled, window buttons hidden, title bar hidden
[2019.06.19-15.16.31:894][  0]LogSlate: Updating window title bar state: overlay mode, drag disabled, window buttons hidden, title bar hidden
[2019.06.19-15.16.31:901][  0]LogSlate: Updating window title bar state: overlay mode, drag disabled, window buttons hidden, title bar hidden
[2019.06.19-15.16.31:905][  0]LogCollectionManager: Loaded 0 collections in 0.000919 seconds
[2019.06.19-15.16.31:925][  0]LogFileCache: Scanning file cache for directory 'C:/Users/dscclassroom/Desktop/RocketCar/Rocket_Car/Saved/Collections/' took 0.01s
[2019.06.19-15.16.31:925][  0]LogFileCache: Scanning file cache for directory 'C:/Users/dscclassroom/Desktop/RocketCar/Rocket_Car/Content/Developers/dscclassroom/Collections/' took 0.00s
[2019.06.19-15.16.31:925][  0]LogFileCache: Scanning file cache for directory 'C:/Users/dscclassroom/Desktop/RocketCar/Rocket_Car/Content/Collections/' took 0.00s
[2019.06.19-15.16.31:925][  0]LogCollectionManager: Rebuilt the GUID cache for 0 collections in 0.000001 seconds
[2019.06.19-15.16.31:938][  0]LogContentBrowser: Native class hierarchy populated in 0.0124 seconds. Added 2866 classes and 729 folders.
[2019.06.19-15.16.31:948][  0]LogContentBrowser: Native class hierarchy updated for 'WidgetCarousel' in 0.0003 seconds. Added 0 classes and 0 folders.
[2019.06.19-15.16.31:949][  0]LogPakFile: Registered encryption key '00000000000000000000000000000000': 0 pak files mounted, 0 remain pending
[2019.06.19-15.16.31:950][  0]LogPakFile: Registered encryption key '00000000000000000000000000000000': 0 pak files mounted, 0 remain pending
[2019.06.19-15.16.31:950][  0]LogPakFile: Registered encryption key '00000000000000000000000000000000': 0 pak files mounted, 0 remain pending
[2019.06.19-15.16.31:951][  0]LogPakFile: Registered encryption key '00000000000000000000000000000000': 0 pak files mounted, 0 remain pending
[2019.06.19-15.16.31:951][  0]LogPakFile: Registered encryption key '00000000000000000000000000000000': 0 pak files mounted, 0 remain pending
[2019.06.19-15.16.31:951][  0]LogPakFile: Registered encryption key '00000000000000000000000000000000': 0 pak files mounted, 0 remain pending
[2019.06.19-15.16.31:952][  0]LogPakFile: Registered encryption key '00000000000000000000000000000000': 0 pak files mounted, 0 remain pending
[2019.06.19-15.16.31:952][  0]LogPakFile: Registered encryption key '00000000000000000000000000000000': 0 pak files mounted, 0 remain pending
[2019.06.19-15.16.31:952][  0]LogPakFile: Registered encryption key '00000000000000000000000000000000': 0 pak files mounted, 0 remain pending
[2019.06.19-15.16.31:953][  0]LogPakFile: Registered encryption key '00000000000000000000000000000000': 0 pak files mounted, 0 remain pending
[2019.06.19-15.16.31:953][  0]LogPakFile: Registered encryption key '00000000000000000000000000000000': 0 pak files mounted, 0 remain pending
[2019.06.19-15.16.31:953][  0]LogPakFile: Registered encryption key '00000000000000000000000000000000': 0 pak files mounted, 0 remain pending
[2019.06.19-15.16.31:954][  0]LogPakFile: Registered encryption key '00000000000000000000000000000000': 0 pak files mounted, 0 remain pending
[2019.06.19-15.16.31:954][  0]LogPakFile: Registered encryption key '00000000000000000000000000000000': 0 pak files mounted, 0 remain pending
[2019.06.19-15.16.31:954][  0]LogPakFile: Registered encryption key '00000000000000000000000000000000': 0 pak files mounted, 0 remain pending
[2019.06.19-15.16.31:955][  0]LogPakFile: Registered encryption key '00000000000000000000000000000000': 0 pak files mounted, 0 remain pending
[2019.06.19-15.16.31:955][  0]LogPakFile: Registered encryption key '00000000000000000000000000000000': 0 pak files mounted, 0 remain pending
[2019.06.19-15.16.31:955][  0]LogPakFile: Registered encryption key '00000000000000000000000000000000': 0 pak files mounted, 0 remain pending
[2019.06.19-15.16.31:956][  0]LogPakFile: Registered encryption key '00000000000000000000000000000000': 0 pak files mounted, 0 remain pending
[2019.06.19-15.16.31:956][  0]LogPakFile: Registered encryption key '00000000000000000000000000000000': 0 pak files mounted, 0 remain pending
[2019.06.19-15.16.31:957][  0]LogPakFile: Registered encryption key '00000000000000000000000000000000': 0 pak files mounted, 0 remain pending
[2019.06.19-15.16.31:957][  0]LogPakFile: Registered encryption key '00000000000000000000000000000000': 0 pak files mounted, 0 remain pending
[2019.06.19-15.16.31:957][  0]LogPakFile: Registered encryption key '00000000000000000000000000000000': 0 pak files mounted, 0 remain pending
[2019.06.19-15.16.31:958][  0]LogPakFile: Registered encryption key '00000000000000000000000000000000': 0 pak files mounted, 0 remain pending
[2019.06.19-15.16.31:958][  0]LogPakFile: Registered encryption key '00000000000000000000000000000000': 0 pak files mounted, 0 remain pending
[2019.06.19-15.16.31:959][  0]LogPakFile: Registered encryption key '00000000000000000000000000000000': 0 pak files mounted, 0 remain pending
[2019.06.19-15.16.31:959][  0]LogPakFile: Registered encryption key '00000000000000000000000000000000': 0 pak files mounted, 0 remain pending
[2019.06.19-15.16.31:960][  0]LogPakFile: Registered encryption key '00000000000000000000000000000000': 0 pak files mounted, 0 remain pending
[2019.06.19-15.16.31:989][  0]LogContentBrowser: Native class hierarchy updated for 'AddContentDialog' in 0.0002 seconds. Added 0 classes and 0 folders.
[2019.06.19-15.16.31:991][  0]LogContentBrowser: Native class hierarchy updated for 'SceneOutliner' in 0.0002 seconds. Added 1 classes and 0 folders.
[2019.06.19-15.16.32:090][  0]LogContentBrowser: Native class hierarchy updated for 'HierarchicalLODOutliner' in 0.0005 seconds. Added 0 classes and 0 folders.
[2019.06.19-15.16.32:090][  0]LogLoad: (Engine Initialization) Total time: 11.26 seconds
[2019.06.19-15.16.32:090][  0]LogLoad: (Engine Initialization) Total Blueprint compile time: 0.00 seconds
[2019.06.19-15.16.32:124][  0]LogRawInputWindows: Warning: Found device 0 devices
[2019.06.19-15.16.32:124][  0]LogRawInputWindows: Warning: Found device 0 devices
[2019.06.19-15.16.32:124][  0]LogRawInputWindows: Warning: Device was registered succesfully but not connected (Usage:4 UsagePage:1)
[2019.06.19-15.16.32:124][  0]LogRawInputWindows: Warning: Found device 1 devices
[2019.06.19-15.16.32:124][  0]LogRawInputWindows: Warning: Device was registered succesfully but not connected (Usage:5 UsagePage:1)
[2019.06.19-15.16.32:153][  0]LogAssetRegistry: Asset discovery search completed in 7.9276 seconds
[2019.06.19-15.16.32:155][  0]LogCollectionManager: Rebuilt the object cache for 0 collections in 0.000000 seconds (found 0 objects)
[2019.06.19-15.16.32:155][  0]LogCollectionManager: Fixed up redirectors for 0 collections in 0.000041 seconds (updated 0 objects)
[2019.06.19-15.16.32:156][  0]LogContentStreaming: Texture pool size now 1000 MB
[2019.06.19-15.16.32:166][  0]LogSlate: Took 0.000955 seconds to synchronously load lazily loaded font '../../../Engine/Content/Slate/Fonts/Roboto-Regular.ttf' (155K)
[2019.06.19-15.16.32:167][  0]LogSlate: Took 0.000165 seconds to synchronously load lazily loaded font '../../../Engine/Content/Slate/Fonts/Roboto-Bold.ttf' (160K)
[2019.06.19-15.16.32:171][  0]LogSlate: Took 0.000134 seconds to synchronously load lazily loaded font '../../../Engine/Content/Editor/Slate/Fonts/FontAwesome.ttf' (139K)
[2019.06.19-15.16.32:564][  0]LogRenderer: Reallocating scene render targets to support 724x404 Format 10 NumSamples 1 (Frame:1).
[2019.06.19-15.16.32:564][  0]LogSlate: Took 0.000295 seconds to synchronously load lazily loaded font '../../../Engine/Content/Slate/Fonts/Roboto-Light.ttf' (167K)
[2019.06.19-15.16.34:293][ 36]LogSlate: FSceneViewport::OnFocusLost() reason 0
[2019.06.19-15.16.34:700][ 38]LogTexture: Display: Building textures: Texture2D_2 (G8, 128X128)
[2019.06.19-15.16.41:467][341]LogSlate: FSceneViewport::OnFocusLost() reason 0
[2019.06.19-15.17.09:461][677]LogEditorViewport: Clicking on Actor (LMB): StaticMeshActor (RoughTerrain_StaticMesh)
[2019.06.19-15.17.11:195][765]Cmd: DELETE
[2019.06.19-15.17.11:195][765]Cmd: ACTOR DELETE
[2019.06.19-15.17.11:207][765]LogEditorActor: Deleted Actor: StaticMeshActor
[2019.06.19-15.17.11:234][765]LogUObjectHash: Compacting FUObjectHashTables data took   1.17ms
[2019.06.19-15.17.11:235][765]LogEditorActor: Deleted 1 Actors (0.037 secs)
[2019.06.19-15.17.11:517][779]LogEditorViewport: Clicking on Actor (LMB): StaticMeshActor (Wall18)
[2019.06.19-15.17.11:613][781]Cmd: DELETE
[2019.06.19-15.17.11:613][781]Cmd: ACTOR DELETE
[2019.06.19-15.17.11:625][781]LogEditorActor: Deleted Actor: StaticMeshActor
[2019.06.19-15.17.11:669][781]LogUObjectHash: Compacting FUObjectHashTables data took   1.05ms
[2019.06.19-15.17.11:670][781]LogEditorActor: Deleted 1 Actors (0.056 secs)
[2019.06.19-15.17.12:605][829]LogEditorViewport: Clicking on Actor (LMB): StaticMeshActor (Wall17)
[2019.06.19-15.17.12:663][829]Cmd: DELETE
[2019.06.19-15.17.12:663][829]Cmd: ACTOR DELETE
[2019.06.19-15.17.12:667][829]LogEditorActor: Deleted Actor: StaticMeshActor
[2019.06.19-15.17.12:708][829]LogUObjectHash: Compacting FUObjectHashTables data took   1.01ms
[2019.06.19-15.17.12:709][829]LogEditorActor: Deleted 1 Actors (0.045 secs)
[2019.06.19-15.17.15:330][969]LogEditorViewport: Clicking on Actor (LMB): StaticMeshActor (Wall14)
[2019.06.19-15.17.19:844][190]LogSlate: FSceneViewport::OnFocusLost() reason 0
[2019.06.19-15.17.23:593][400]Cmd: TRANSACTION UNDO
[2019.06.19-15.17.23:593][400]LogEditorTransaction: Undo Clicking on Actors
[2019.06.19-15.17.23:628][400]LogSlate: Took 0.000244 seconds to synchronously load lazily loaded font '../../../Engine/Content/Slate/Fonts/Roboto-Light.ttf' (167K)
[2019.06.19-15.17.23:883][413]Cmd: TRANSACTION UNDO
[2019.06.19-15.17.23:884][413]LogEditorTransaction: Undo Delete Actors
[2019.06.19-15.17.24:199][424]Cmd: TRANSACTION UNDO
[2019.06.19-15.17.24:200][424]LogEditorTransaction: Undo Clicking on Actors
[2019.06.19-15.17.24:522][441]Cmd: TRANSACTION UNDO
[2019.06.19-15.17.24:522][441]LogEditorTransaction: Undo Delete Actors
[2019.06.19-15.17.24:796][452]Cmd: TRANSACTION UNDO
[2019.06.19-15.17.24:796][452]LogEditorTransaction: Undo Clicking on Actors
[2019.06.19-15.17.25:085][466]Cmd: TRANSACTION UNDO
[2019.06.19-15.17.25:085][466]LogEditorTransaction: Undo Delete Actors
[2019.06.19-15.17.25:413][480]Cmd: TRANSACTION UNDO
[2019.06.19-15.17.25:413][480]LogEditorTransaction: Undo Clicking on Actors
[2019.06.19-15.17.25:725][494]Cmd: TRANSACTION UNDO
[2019.06.19-15.17.25:725][494]LogEditorTransaction: Undo Select Brush Surface
[2019.06.19-15.17.51:433][903]LogEditorViewport: Clicking on Actor (LMB): Sedan_C (Sedan)
[2019.06.19-15.17.53:207][960]Cmd: EDCALLBACK SURFPROPS
[2019.06.19-15.17.54:391][ 22]LogSlate: FSceneViewport::OnFocusLost() reason 0
[2019.06.19-15.17.54:591][ 33]LogAssetEditorManager: Opening Asset editor for Blueprint /Game/VehicleBP/Blueprints/VehicleHUD.VehicleHUD
[2019.06.19-15.17.54:829][ 33]LogContentBrowser: Native class hierarchy updated for 'BlueprintGraph' in 0.0005 seconds. Added 121 classes and 0 folders.
[2019.06.19-15.17.55:565][ 33]LogSlate: Took 0.000168 seconds to synchronously load lazily loaded font '../../../Engine/Content/Slate/Fonts/Roboto-BoldCondensed.ttf' (158K)
[2019.06.19-15.17.55:634][ 34]LogSlate: Took 0.000185 seconds to synchronously load lazily loaded font '../../../Engine/Content/Slate/Fonts/Roboto-Italic.ttf' (157K)
[2019.06.19-15.17.59:895][190]BlueprintLog: New page: Compile VehicleHUD
[2019.06.19-15.18.00:049][190]LogUObjectHash: Compacting FUObjectHashTables data took   2.91ms
[2019.06.19-15.18.00:697][211]Cmd: OBJ SAVEPACKAGE PACKAGE="/Game/VehicleBP/Blueprints/VehicleHUD" FILE="../../../../../../Users/dscclassroom/Desktop/RocketCar/Rocket_Car/Content/VehicleBP/Blueprints/VehicleHUD.uasset" SILENT=true
[2019.06.19-15.18.00:752][211]LogSavePackage: Moving '../../../../../../Users/dscclassroom/Desktop/RocketCar/Rocket_Car/Saved/VehicleHUD720B40A5481DC8502BB76D83EC7A6821.tmp' to '../../../../../../Users/dscclassroom/Desktop/RocketCar/Rocket_Car/Content/VehicleBP/Blueprints/VehicleHUD.uasset'
[2019.06.19-15.18.02:925][304]LogTemp: Repeating last play command: Standalone Game
[2019.06.19-15.18.02:990][304]LogUObjectHash: Compacting FUObjectHashTables data took   2.63ms
[2019.06.19-15.18.06:674][304]LogSlate: Window 'Save Content' being destroyed
[2019.06.19-15.18.06:763][304]LogUObjectHash: Compacting FUObjectHashTables data took   0.68ms
[2019.06.19-15.18.06:952][304]LogSavePackage: Moving '../../../../../../Users/dscclassroom/Desktop/RocketCar/Rocket_Car/Saved/VehicleExampleMapD6931F2D428D08159EC53DA874F5E357.tmp' to '../../../../../../Users/dscclassroom/Desktop/RocketCar/Rocket_Car/Content/VehicleBP/Maps/VehicleExampleMap.umap'
[2019.06.19-15.18.06:976][304]LogFileHelpers: Saving map 'VehicleExampleMap' took 0.270
[2019.06.19-15.21.45:310][199]LogSlate: Window 'VehicleHUD' being destroyed
[2019.06.19-15.21.45:324][199]LogSlate: Window 'VehicleHUD' being destroyed
[2019.06.19-15.21.54:375][620]LogSlate: FSceneViewport::OnFocusLost() reason 0
[2019.06.19-15.21.55:824][700]LogActorFactory: Actor Factory created Plane
[2019.06.19-15.21.57:653][796]LogActorFactory: Actor Factory created Plane
[2019.06.19-15.22.03:223][ 65]LogSlate: FSceneViewport::OnFocusLost() reason 0
[2019.06.19-15.22.08:796][381]MapCheck: New page: Map Check
[2019.06.19-15.22.08:811][381]Cmd: MAP REBUILD ALLVISIBLE
[2019.06.19-15.22.08:811][381]LogEditorServer: Rebuildmap Clear paths rebuilt
[2019.06.19-15.22.08:936][381]LogBlueprintActionDatabase: Requesting refresh due to module change: HierarchicalLODUtilities (loaded)
[2019.06.19-15.22.08:968][381]LogUObjectHash: Compacting FUObjectHashTables data took   2.24ms
[2019.06.19-15.22.08:995][381]LogMaterial: Display: Missing cached shader map for material DebugViewMode MaterialTexCoordScale, compiling. 
[2019.06.19-15.22.09:004][381]LogMaterial: Display: Missing cached shader map for material DebugViewMode MaterialTexCoordScale, compiling. 
[2019.06.19-15.22.09:011][381]LogMaterial: Display: Missing cached shader map for material DebugViewMode MaterialTexCoordScale, compiling. 
[2019.06.19-15.22.09:025][381]LogMaterial: Display: Missing cached shader map for material DebugViewMode MaterialTexCoordScale, compiling. 
[2019.06.19-15.22.09:048][381]LogMaterial: Display: Missing cached shader map for material DebugViewMode MaterialTexCoordScale, compiling. 
[2019.06.19-15.22.09:082][381]LogMaterial: Display: Missing cached shader map for material DebugViewMode MaterialTexCoordScale, compiling. 
[2019.06.19-15.22.09:136][381]LogMaterial: Display: Missing cached shader map for material DebugViewMode MaterialTexCoordScale, compiling. 
[2019.06.19-15.22.09:148][381]LogMaterial: Display: Missing cached shader map for material DebugViewMode MaterialTexCoordScale, compiling. 
[2019.06.19-15.22.09:173][381]LogMaterial: Display: Missing cached shader map for material DebugViewMode MaterialTexCoordScale, compiling. 
[2019.06.19-15.22.10:652][381]LogShaderCompilers: Display: Shaders left to compile 10
[2019.06.19-15.22.10:652][381]TextureStreamingBuild: Display: Compiling optional shaders took 1.664 seconds.
[2019.06.19-15.22.10:666][381]LogLevel: Display: Export Material TexCoord Scales took 0.013 seconds.
[2019.06.19-15.22.10:692][381]TextureStreamingBuild: Display: Build Texture Streaming took 0.026 seconds.
[2019.06.19-15.22.10:723][381]LogUObjectHash: Compacting FUObjectHashTables data took   0.77ms
[2019.06.19-15.22.10:724][381]LightingResults: New page: Lighting Build - Jun 19, 2019, 7:22:10 AM
[2019.06.19-15.22.10:767][381]LogSwarmInterface: [OpenConnection] Registering TCP channel ...
[2019.06.19-15.22.10:865][381]LogSwarmInterface: [OpenConnection] Connecting to agent ...
[2019.06.19-15.22.10:881][381]LogSwarmInterface: [TryOpenConnection] Testing the Agent
[2019.06.19-15.22.11:388][381]LogSwarmInterface: [TryOpenConnection] Opening Connection to Agent
[2019.06.19-15.22.11:388][381]LogSwarmInterface: [TryOpenConnection] Local Process ID is 7036
[2019.06.19-15.22.15:691][381]LogStaticLightingSystem: Running Lightmass w/ ImmediateImport mode ENABLED
[2019.06.19-15.22.15:692][381]LogStaticLightingSystem: Running Lightmass w/ ImmediateProcess mode ENABLED
[2019.06.19-15.22.15:692][381]LogStaticLightingSystem: Running Lightmass w/ Sorting mode ENABLED
[2019.06.19-15.22.15:692][381]LogStaticLightingSystem: Running Lightmass w/ Mapping paddings ENABLED
[2019.06.19-15.22.15:693][381]LogStaticLightingSystem: Running Lightmass w/ Mapping debug paddings DISABLED
[2019.06.19-15.22.15:882][381]Cmd: MAP CHECK DONTDISPLAYDIALOG
[2019.06.19-15.22.15:882][381]MapCheck: New page: VehicleExampleMap - Jun 19, 2019, 7:22:15 AM
[2019.06.19-15.22.15:882][381]MapCheck: Error: WorldInfo_0 Maps need lighting rebuilt 
[2019.06.19-15.22.15:887][381]MapCheck: Map check complete: 1 Error(s), 0 Warning(s), took 5.064ms to complete.
[2019.06.19-15.22.15:914][381]LogEditorBuildUtils: Build time 0:07
[2019.06.19-15.22.16:296][382]LogMaterial: Display: Missing cached shader map for material FLightmassMaterialRenderer BasicShapeMaterial, compiling. 
[2019.06.19-15.22.16:309][382]LogMaterial: Display: Missing cached shader map for material FLightmassMaterialRenderer BasicShapeMaterial, compiling. 
[2019.06.19-15.22.17:388][389]LogUObjectHash: Compacting FUObjectHashTables data took   3.78ms
[2019.06.19-15.22.30:658][551]LogSlate: Window 'Message Log' being destroyed
[2019.06.19-15.22.30:666][551]LogSlate: Window 'Message Log' being destroyed
[2019.06.19-15.22.32:533][578]LogActorFactory: Actor Factory created Plane
[2019.06.19-15.22.33:915][594]LogActorFactory: Actor Factory created Plane
[2019.06.19-15.22.35:628][617]LogSlate: FSceneViewport::OnFocusLost() reason 0
[2019.06.19-15.22.42:756][733]LogSlate: FSceneViewport::OnFocusLost() reason 0
[2019.06.19-15.22.48:806][830]LogEditorViewport: Clicking on Actor (LMB): BP_Sky_Sphere_C (SkyShereBlueprint)
[2019.06.19-15.22.59:264][996]LogSlate: FSceneViewport::OnFocusLost() reason 0
[2019.06.19-15.22.59:566][999]LogActorFactory: Actor Factory created Plane
[2019.06.19-15.23.01:603][ 21]LogActorFactory: Actor Factory created Plane
[2019.06.19-15.23.11:276][146]LogEditorViewport: Clicking on Actor (LMB): StaticMeshActor (Plane3)
[2019.06.19-15.23.15:794][213]LogSlate: FSceneViewport::OnFocusLost() reason 0
[2019.06.19-15.23.32:206][484]LogEditorViewport: Clicking on Actor (LMB): StaticMeshActor (Plane3)
[2019.06.19-15.23.34:538][519]Cmd: EDIT COPY
[2019.06.19-15.23.37:669][575]Cmd: EDIT COPY
[2019.06.19-15.23.38:305][585]Cmd: EDIT PASTE
[2019.06.19-15.23.38:528][585]LogEditorViewport: Clicking on Actor (CTRL LMB): BP_Sky_Sphere_C (SkyShereBlueprint)
[2019.06.19-15.23.40:166][607]Cmd: EDIT COPY
[2019.06.19-15.23.43:341][655]Cmd: EDCALLBACK SURFPROPS
[2019.06.19-15.23.45:276][680]LogEditorViewport: Clicking on Actor (LMB): StaticMeshActor (Plane4)
[2019.06.19-15.23.46:901][708]Cmd: EDIT COPY
[2019.06.19-15.23.48:749][741]Cmd: EDIT PASTE
[2019.06.19-15.23.53:621][823]LogSlate: FSceneViewport::OnFocusLost() reason 0
[2019.06.19-15.24.17:738][236]LogSlate: FSceneViewport::OnFocusLost() reason 0
[2019.06.19-15.24.18:029][237]LogRenderer: Reallocating scene render targets to support 808x520 Format 10 NumSamples 1 (Frame:7258).
[2019.06.19-15.24.23:109][320]LogEditorViewport: Clicking on Actor (LMB): StaticMeshActor (Plane)
[2019.06.19-15.24.34:256][496]LogSlate: FSceneViewport::OnFocusLost() reason 0
[2019.06.19-15.24.46:459][676]LogSlate: FSceneViewport::OnFocusLost() reason 0
[2019.06.19-15.25.21:726][991]Job is a success!
[2019.06.19-15.25.22:248][992]LogVolumetricLightmapImport: Imported Volumetric Lightmap in 0.130s
[2019.06.19-15.25.22:248][992]LogVolumetricLightmapImport:      Indirection Texture 48x48x48 = 0.4Mb
[2019.06.19-15.25.22:248][992]LogVolumetricLightmapImport:      BrickData 1280x20x5 = 5.0Mb (trimmed 0.0Mb due to 0.010000 MinBrickError)
[2019.06.19-15.25.22:248][992]LogVolumetricLightmapImport:      Bricks at Level
[2019.06.19-15.25.22:248][992]LogVolumetricLightmapImport:          0: 3.2% covering 100.0% of volume
[2019.06.19-15.25.22:248][992]LogVolumetricLightmapImport:          1: 5.4% covering 2.6% of volume
[2019.06.19-15.25.22:248][992]LogVolumetricLightmapImport:          2: 91.4% covering 0.7% of volume
[2019.06.19-15.25.25:283][992]LogTexture: Display: Building textures: SkyOcclusion0_1 (AutoDXT, 2048X1024)
[2019.06.19-15.25.25:283][992]LogTexture: Display: Building textures: HQ_Lightmap0_1 (AutoDXT, 2048X2048)
[2019.06.19-15.25.25:283][992]LogTexture: Display: Building textures: LQ_Lightmap_0_1 (DXT1, 2048X2048)
[2019.06.19-15.25.25:283][992]LogTexture: Display: Building textures: SkyOcclusion0_2 (AutoDXT, 2048X1024)
[2019.06.19-15.25.25:284][992]LogTexture: Display: Building textures: HQ_Lightmap0_2 (AutoDXT, 2048X2048)
[2019.06.19-15.25.25:284][992]LogTexture: Display: Building textures: LQ_Lightmap_0_2 (DXT1, 2048X2048)
[2019.06.19-15.25.25:284][992]LogTexture: Display: Building textures: SkyOcclusion0_3 (AutoDXT, 1024X512)
[2019.06.19-15.25.25:284][992]LogTexture: Display: Building textures: HQ_Lightmap0_3 (AutoDXT, 1024X1024)
[2019.06.19-15.25.25:284][992]LogTexture: Display: Building textures: LQ_Lightmap_0_3 (DXT1, 1024X1024)
[2019.06.19-15.25.25:284][992]LogTexture: Display: Building textures: SkyOcclusion0_4 (AutoDXT, 512X256)
[2019.06.19-15.25.25:284][992]LogTexture: Display: Building textures: HQ_Lightmap0_4 (AutoDXT, 512X512)
[2019.06.19-15.25.25:284][992]LogTexture: Display: Building textures: LQ_Lightmap_0_4 (DXT1, 512X512)
[2019.06.19-15.25.25:284][992]LogTexture: Display: Building textures: SkyOcclusion0_5 (AutoDXT, 512X256)
[2019.06.19-15.25.25:284][992]LogTexture: Display: Building textures: HQ_Lightmap0_5 (AutoDXT, 512X512)
[2019.06.19-15.25.25:284][992]LogTexture: Display: Building textures: LQ_Lightmap_0_5 (DXT1, 512X512)
[2019.06.19-15.25.25:284][992]LogTexture: Display: Building textures: SkyOcclusion0_6 (AutoDXT, 64X32)
[2019.06.19-15.25.25:284][992]LogTexture: Display: Building textures: HQ_Lightmap0_6 (AutoDXT, 64X64)
[2019.06.19-15.25.25:284][992]LogTexture: Display: Building textures: LQ_Lightmap_0_6 (DXT1, 64X64)
[2019.06.19-15.25.25:488][992]LogTexture: Display: Building textures: ShadowMapTexture2D_5 (G8, 8X1024)
[2019.06.19-15.25.25:489][992]LogTexture: Display: Building textures: ShadowMapTexture2D_13 (G8, 32X32)
[2019.06.19-15.25.25:489][992]LogTexture: Display: Building textures: ShadowMapTexture2D_2 (G8, 1024X128)
[2019.06.19-15.25.25:490][992]LogTexture: Display: Building textures: ShadowMapTexture2D_4 (G8, 1024X128)
[2019.06.19-15.25.25:683][992]LogTexture: Display: Building textures: ShadowMapTexture2D_3 (G8, 1024X256)
[2019.06.19-15.25.25:683][992]LogTexture: Display: Building textures: ShadowMapTexture2D_1 (G8, 512X1024)
[2019.06.19-15.25.25:751][992]LogTexture: Display: Building textures: ShadowMapTexture2D_0 (G8, 1024X1024)
[2019.06.19-15.25.25:782][992]LogStaticLightingSystem: VehicleExampleMap_BuiltData storing lightmap data for 41 meshes in 12 LightmapResourceClusters (3.4 Meshes per cluster).
[2019.06.19-15.25.25:850][992]Lightmass on DESKTOP-RCINI4P: 3:07 min total, 559 ms importing, 97 ms setup, 11.0 sec photons, 2:55 min processing, 0 ms extra exporting [41/41 mappings]. Threads: 20:29 min total, 10:48 min processing.
[2019.06.19-15.25.25:869][992]LogUObjectHash: Compacting FUObjectHashTables data took   3.38ms
[2019.06.19-15.25.25:895][992]LogStaticLightingSystem: Illumination: 3:14 min (2.77 sec encoding lightmaps, 464 ms encoding shadowmaps)
[2019.06.19-15.25.25:895][992]LogStaticLightingSystem: Lightmap texture memory:  25.3 MB (14.7 MB streaming, 10.7 MB non-streaming), 12 textures
[2019.06.19-15.25.25:895][992]LogStaticLightingSystem: Shadowmap texture memory: 2.7 MB (2.0 MB streaming, 0.7 MB non-streaming), 7 textures
[2019.06.19-15.25.26:881][992]DumpUnbuiltLightIteractions
[2019.06.19-15.25.26:881][992]Lights with unbuilt interactions: 1
[2019.06.19-15.25.26:881][992]    Light LightSource
[2019.06.19-15.25.26:881][992]
[2019.06.19-15.25.26:881][992]Primitives with unbuilt interactions: 4
[2019.06.19-15.25.26:882][992]    Primitive StaticMeshComponent /Game/VehicleBP/Maps/VehicleExampleMap.VehicleExampleMap:PersistentLevel.Plane5.StaticMeshComponent0
[2019.06.19-15.25.26:882][992]    Primitive StaticMeshComponent /Game/VehicleBP/Maps/VehicleExampleMap.VehicleExampleMap:PersistentLevel.Plane4.StaticMeshComponent0
[2019.06.19-15.25.26:882][992]    Primitive StaticMeshComponent /Game/VehicleBP/Maps/VehicleExampleMap.VehicleExampleMap:PersistentLevel.Plane3_8.StaticMeshComponent0
[2019.06.19-15.25.26:882][992]    Primitive StaticMeshComponent /Game/VehicleBP/Maps/VehicleExampleMap.VehicleExampleMap:PersistentLevel.Plane2_5.StaticMeshComponent0
[2019.06.19-15.25.27:081][993]Cmd: MAP CHECK NOTIFYRESULTS
[2019.06.19-15.25.27:081][993]MapCheck: New page: VehicleExampleMap - Jun 19, 2019, 7:25:27 AM
[2019.06.19-15.25.27:081][993]MapCheck: Error: WorldInfo_0 Maps need lighting rebuilt 
[2019.06.19-15.25.27:081][993]MapCheck: Warning: Plane3_8 Plane3_8 is in the same location as Plane5 
[2019.06.19-15.25.27:081][993]MapCheck: Warning: Plane3_8 Plane3_8 is in the same location as Plane4 
[2019.06.19-15.25.27:082][993]MapCheck: Warning: Plane4 Plane4 is in the same location as Plane5 
[2019.06.19-15.25.27:082][993]MapCheck: Warning: Plane4 Plane4 is in the same location as Plane3_8 
[2019.06.19-15.25.27:082][993]MapCheck: Warning: Plane5 Plane5 is in the same location as Plane4 
[2019.06.19-15.25.27:082][993]MapCheck: Warning: Plane5 Plane5 is in the same location as Plane3_8 
[2019.06.19-15.25.27:082][993]MapCheck: Map check complete: 1 Error(s), 6 Warning(s), took 1.093ms to complete.
[2019.06.19-15.26.14:503][119]LogSlate: FSceneViewport::OnFocusLost() reason 0
[2019.06.19-15.26.26:532][792]LogSlate: FSceneViewport::OnFocusLost() reason 0
[2019.06.19-15.26.33:224][147]LogSlate: FSceneViewport::OnFocusLost() reason 0
[2019.06.19-15.27.09:405][898]LogEditorViewport: Clicking on Actor (LMB): Actor (Actor)
[2019.06.19-15.27.12:393][ 40]LogSlate: FSceneViewport::OnFocusLost() reason 0
[2019.06.19-15.27.37:260][313]LogEditorViewport: Clicking on Actor (LMB): BP_Sky_Sphere_C (SkyShereBlueprint)
[2019.06.19-15.27.38:071][359]LogEditorViewport: Clicking on Actor (LMB): Actor (Actor)
[2019.06.19-15.27.58:152][395]LogEditorViewport: Clicking on Actor (double click): BP_Sky_Sphere_C (SkyShereBlueprint)
[2019.06.19-15.27.58:469][409]LogSlate: FSceneViewport::OnFocusLost() reason 0
[2019.06.19-15.27.59:601][466]LogEditorViewport: Clicking on Actor (LMB): Actor (Actor)
[2019.06.19-15.28.00:764][516]LogSlate: FSceneViewport::OnFocusLost() reason 0
[2019.06.19-15.28.01:950][569]Cmd: EDCALLBACK SURFPROPS
[2019.06.19-15.28.02:984][619]LogEditorViewport: Clicking on Actor (LMB): Actor (Actor)
[2019.06.19-15.28.07:897][835]LogSlate: FSceneViewport::OnFocusLost() reason 0
[2019.06.19-15.28.12:768][ 72]LogSlate: FSceneViewport::OnFocusLost() reason 0
[2019.06.19-15.28.17:641][304]LogEditorViewport: Clicking on Actor (LMB): BP_Sky_Sphere_C (SkyShereBlueprint)
[2019.06.19-15.28.18:294][331]LogEditorViewport: Clicking on Actor (LMB): Actor (Actor)
[2019.06.19-15.28.19:497][395]LogSlate: FSceneViewport::OnFocusLost() reason 0
[2019.06.19-15.28.20:781][467]LogConsoleManager: Warning: Console object named 'ActorComponents.Enable' already exists but is being registered again, but we weren't expected it to be! (FConsoleManager::AddConsoleObject)
[2019.06.19-15.28.21:160][483]LogConsoleManager: Warning: Console object named 'ActorComponents.Enable' already exists but is being registered again, but we weren't expected it to be! (FConsoleManager::AddConsoleObject)
[2019.06.19-15.28.21:618][507]LogConsoleManager: Warning: Console object named 'ActorComponents.Enable' already exists but is being registered again, but we weren't expected it to be! (FConsoleManager::AddConsoleObject)
[2019.06.19-15.28.22:409][547]LogConsoleManager: Warning: Console object named 'ActorComponents.Enable' already exists but is being registered again, but we weren't expected it to be! (FConsoleManager::AddConsoleObject)
[2019.06.19-15.28.23:275][596]LogEditorViewport: Clicking on Actor (LMB): BP_Sky_Sphere_C (SkyShereBlueprint)
[2019.06.19-15.28.24:259][631]LogSlate: FSceneViewport::OnFocusLost() reason 0
[2019.06.19-15.28.41:628][ 78]LogSlate: FSceneViewport::OnFocusLost() reason 2
[2019.06.19-15.29.25:168][297]LogUObjectHash: Compacting FUObjectHashTables data took   2.36ms
[2019.06.19-15.29.25:383][297]LogSavePackage: Moving '../../../../../../Users/dscclassroom/Desktop/RocketCar/Rocket_Car/Saved/VehicleExampleMap_Auto1B26DE3614CE007FE7261E49B69D37BFC.tmp' to '../../../../../../Users/dscclassroom/Desktop/RocketCar/Rocket_Car/Saved/Autosaves/Game/VehicleBP/Maps/VehicleExampleMap_Auto1.umap'
[2019.06.19-15.29.25:387][297]LogFileHelpers: Editor autosave (incl. sublevels) for '/Game/VehicleBP/Maps/VehicleExampleMap' took 0.270
[2019.06.19-15.29.25:387][297]LogFileHelpers: Editor autosave (incl. sublevels) for all levels took 0.270
